
*****************************************************
Summary
-------
Generated at: 2025-05-12T16:55:54Z

Notes: 0
Binaries: 0
Archives: 0
Standards: 20

Apache Licensed: 20
Generated Documents: 0

JavaDocs are generated, thus a license header is optional.
Generated files do not require license headers.

0 Unknown Licenses

*****************************************************
  Files with Apache License headers will be marked AL
  Binary files (which do not require any license headers) will be marked B
  Compressed archives will be marked A
  Notices, licenses etc. will be marked N
  AL    /plugin/src/main/java/org/compuscene/metrics/prometheus/PrometheusMetricsCatalog.java
  AL    /plugin/src/main/java/org/compuscene/metrics/prometheus/PrometheusMetricsCollector.java
  AL    /plugin/src/main/java/org/compuscene/metrics/prometheus/PrometheusSettings.java
  AL    /plugin/src/main/java/org/compuscene/metrics/prometheus/package-info.java
  AL    /plugin/src/main/java/org/opensearch/action/ClusterStatsData.java
  AL    /plugin/src/main/java/org/opensearch/action/NodePrometheusMetricsAction.java
  AL    /plugin/src/main/java/org/opensearch/action/NodePrometheusMetricsRequest.java
  AL    /plugin/src/main/java/org/opensearch/action/NodePrometheusMetricsResponse.java
  AL    /plugin/src/main/java/org/opensearch/action/TransportNodePrometheusMetricsAction.java
  AL    /plugin/src/main/java/org/opensearch/action/admin/indices/stats/PackageAccessHelper.java
  AL    /plugin/src/main/java/org/opensearch/action/admin/indices/stats/package-info.java
  AL    /plugin/src/main/java/org/opensearch/action/package-info.java
  AL    /plugin/src/main/java/org/opensearch/plugin/prometheus/PrometheusExporterPlugin.java
  AL    /plugin/src/main/java/org/opensearch/plugin/prometheus/package-info.java
  AL    /plugin/src/main/java/org/opensearch/rest/prometheus/RestPrometheusMetricsAction.java
  AL    /plugin/src/main/java/org/opensearch/rest/prometheus/package-info.java
  AL    /plugin/src/test/java/org/opensearch/plugin/bwc/PluginBackwardsCompatibilityIT.java
  AL    /plugin/src/test/java/org/opensearch/plugin/prometheus/PrometheusPluginIT.java
  AL    /plugin/src/yamlRestTest/java/org/opensearch/plugin/prometheus/PrometheusRestHandlerClientYamlTestSuiteIT.java
  AL    /plugin/src/yamlRestTest/java/org/opensearch/plugin/prometheus/package-info.java
 
*****************************************************
